<?xml version="1.0" encoding="UTF-8"?>
<testsuite xmlns:xsi="http://www.w3.org/2001/XMLSchema-instance" xsi:noNamespaceSchemaLocation="https://maven.apache.org/surefire/maven-surefire-plugin/xsd/surefire-test-report-3.0.xsd" version="3.0" name="org.apiTest.ApiTest1" time="6.706" tests="10" errors="0" skipped="0" failures="0">
  <properties>
[...]
</properties>
  <testcase name="requestZipCode9010_checkPlaceNameInResponseBody_expectBeverlyHills4" classname="org.apiTest.ApiTest1" time="6.706">
    <system-out><![CDATA[HTTP/1.1 200 OK
Date: Tue, 17 Nov 2020 21:35:15 GMT
Content-Type: application/json
Transfer-Encoding: chunked
Connection: keep-alive
Set-Cookie: __cfduid=dd3264ddd48d9e19e0d681a07537f3faf1605648915; expires=Thu, 17-Dec-20 21:35:15 GMT; path=/; domain=.zippopotam.us; HttpOnly; SameSite=Lax
X-Cache: hit
Charset: UTF-8
Vary: Accept-Encoding
Access-Control-Allow-Origin: *
CF-Cache-Status: DYNAMIC
cf-request-id: 0679bb35290000e72c4f2b1000000001
Report-To: {"endpoints":[{"url":"https:\/\/a.nel.cloudflare.com\/report?s=z%2Fq0WxHKV%2FceYdCYBH4anwsd%2BUuOVVHPpXcBNva7rqk5EetfNLHeCGi8M%2FGoJ9ljcKXjRvEfY%2Fes6SOLJADwVtdVnrLOJQOB5IT4JVVBNLqugA%3D%3D"}],"group":"cf-nel","max_age":604800}
NEL: {"report_to":"cf-nel","max_age":604800}
Server: cloudflare
CF-RAY: 5f3c949b788ee72c-EWR
Content-Encoding: gzip

{
    "post code": "90210",
    "country": "United States",
    "country abbreviation": "US",
    "places": [
        {
            "place name": "Beverly Hills",
            "longitude": "-118.4065",
            "state": "California",
            "state abbreviation": "CA",
            "latitude": "34.0901"
        }
    ]
}
]]></system-out>
  </testcase>
  <testcase name="requestZipCode9010_checkPlaceNameInResponseBody_expectBeverlyHills7" classname="org.apiTest.ApiTest1" time="1.701">
    <system-out><![CDATA[HTTP/1.1 200 OK
Date: Tue, 17 Nov 2020 21:35:15 GMT
Content-Type: application/json
Transfer-Encoding: chunked
Connection: keep-alive
Set-Cookie: __cfduid=deb9f19accacfaeeebfde88efe10762d51605648915; expires=Thu, 17-Dec-20 21:35:15 GMT; path=/; domain=.zippopotam.us; HttpOnly; SameSite=Lax
X-Cache: hit
Charset: UTF-8
Vary: Accept-Encoding
Access-Control-Allow-Origin: *
CF-Cache-Status: DYNAMIC
cf-request-id: 0679bb352700000cb99cb1f000000001
Report-To: {"endpoints":[{"url":"https:\/\/a.nel.cloudflare.com\/report?s=DTXcrFSE2nnIatagqGrDfdEuuN%2FHWVlwd8A6dX5pmz80hQVyo03CQDt1uKAzczzTH93u0f826MKw4fhO%2BfFVGNQQ4nKwSTXNAEVT7woqePpFLw%3D%3D"}],"group":"cf-nel","max_age":604800}
NEL: {"report_to":"cf-nel","max_age":604800}
Server: cloudflare
CF-RAY: 5f3c949b7ee80cb9-EWR
Content-Encoding: gzip

{
    "post code": "90210",
    "country": "United States",
    "country abbreviation": "US",
    "places": [
        {
            "place name": "Beverly Hills",
            "longitude": "-118.4065",
            "state": "California",
            "state abbreviation": "CA",
            "latitude": "34.0901"
        }
    ]
}
]]></system-out>
  </testcase>
  <testcase name="requestZipCode9010_checkPlaceNameInResponseBody_expectBeverlyHills9" classname="org.apiTest.ApiTest1" time="1.701">
    <system-out><![CDATA[HTTP/1.1 200 OK
Date: Tue, 17 Nov 2020 21:35:15 GMT
Content-Type: application/json
Transfer-Encoding: chunked
Connection: keep-alive
Set-Cookie: __cfduid=d4ebdf8d60d7896bcae90a6dfb0e48a491605648915; expires=Thu, 17-Dec-20 21:35:15 GMT; path=/; domain=.zippopotam.us; HttpOnly; SameSite=Lax
X-Cache: hit
Charset: UTF-8
Vary: Accept-Encoding
Access-Control-Allow-Origin: *
CF-Cache-Status: DYNAMIC
cf-request-id: 0679bb352c0000efed2f9e3000000001
Report-To: {"endpoints":[{"url":"https:\/\/a.nel.cloudflare.com\/report?s=khGkm4qz6IuVzoUx0HJ%2Fv2W4erD1jCKOKEKHnbci07YyNt%2BzrGs%2BQvZhAhzW797wwYX99QI%2F6hUh%2BUN7NtwGvtrp2%2BT6vfBewKIzHfkWIvy4dg%3D%3D"}],"group":"cf-nel","max_age":604800}
NEL: {"report_to":"cf-nel","max_age":604800}
Server: cloudflare
CF-RAY: 5f3c949b7988efed-EWR
Content-Encoding: gzip

{
    "post code": "90210",
    "country": "United States",
    "country abbreviation": "US",
    "places": [
        {
            "place name": "Beverly Hills",
            "longitude": "-118.4065",
            "state": "California",
            "state abbreviation": "CA",
            "latitude": "34.0901"
        }
    ]
}
]]></system-out>
  </testcase>
  <testcase name="requestZipCode9010_checkPlaceNameInResponseBody_expectBeverlyHills6" classname="org.apiTest.ApiTest1" time="1.701">
    <system-out><![CDATA[HTTP/1.1 200 OK
Date: Tue, 17 Nov 2020 21:35:15 GMT
Content-Type: application/json
Transfer-Encoding: chunked
Connection: keep-alive
Set-Cookie: __cfduid=daaf6c48f82b617087a9202680cd601781605648915; expires=Thu, 17-Dec-20 21:35:15 GMT; path=/; domain=.zippopotam.us; HttpOnly; SameSite=Lax
X-Cache: hit
Charset: UTF-8
Vary: Accept-Encoding
Access-Control-Allow-Origin: *
CF-Cache-Status: DYNAMIC
cf-request-id: 0679bb352c0000e6e8731d9000000001
Report-To: {"endpoints":[{"url":"https:\/\/a.nel.cloudflare.com\/report?s=b57X5UIY2C3BOscmpW20hkMWZYJUQj%2FfkP%2BbagQ5H0zdmimcOkYSog%2F0pfWeVIkbObYg01%2FUiDOiaFd0018XS9BqMwHuw0cwrTJvTpreDNqEUw%3D%3D"}],"group":"cf-nel","max_age":604800}
NEL: {"report_to":"cf-nel","max_age":604800}
Server: cloudflare
CF-RAY: 5f3c949b7a38e6e8-EWR
Content-Encoding: gzip

{
    "post code": "90210",
    "country": "United States",
    "country abbreviation": "US",
    "places": [
        {
            "place name": "Beverly Hills",
            "longitude": "-118.4065",
            "state": "California",
            "state abbreviation": "CA",
            "latitude": "34.0901"
        }
    ]
}
]]></system-out>
  </testcase>
  <testcase name="requestZipCode9010_checkPlaceNameInResponseBody_expectBeverlyHills5" classname="org.apiTest.ApiTest1" time="1.701">
    <system-out><![CDATA[HTTP/1.1 200 OK
Date: Tue, 17 Nov 2020 21:35:15 GMT
Content-Type: application/json
Transfer-Encoding: chunked
Connection: keep-alive
Set-Cookie: __cfduid=d95f9192580c18ac855c72e0704012f821605648915; expires=Thu, 17-Dec-20 21:35:15 GMT; path=/; domain=.zippopotam.us; HttpOnly; SameSite=Lax
X-Cache: hit
Charset: UTF-8
Vary: Accept-Encoding
Access-Control-Allow-Origin: *
CF-Cache-Status: DYNAMIC
cf-request-id: 0679bb35300000e6dc5f024000000001
Report-To: {"endpoints":[{"url":"https:\/\/a.nel.cloudflare.com\/report?s=aWID0RyZOHbgHTStn%2FY4TD9dty4L2ZKIJSii6RldIHl8Qcxp5ZILHROOKB0uLwwm9GnnrrcCqYjqWgNf9KwGHLKuEpjr0WZ8YQtJbuu4d6%2B%2F2A%3D%3D"}],"group":"cf-nel","max_age":604800}
NEL: {"report_to":"cf-nel","max_age":604800}
Server: cloudflare
CF-RAY: 5f3c949b7b07e6dc-EWR
Content-Encoding: gzip

{
    "post code": "90210",
    "country": "United States",
    "country abbreviation": "US",
    "places": [
        {
            "place name": "Beverly Hills",
            "longitude": "-118.4065",
            "state": "California",
            "state abbreviation": "CA",
            "latitude": "34.0901"
        }
    ]
}
]]></system-out>
  </testcase>
  <testcase name="requestZipCode9010_checkPlaceNameInResponseBody_expectBeverlyHills" classname="org.apiTest.ApiTest1" time="6.706">
    <system-out><![CDATA[HTTP/1.1 200 OK
Date: Tue, 17 Nov 2020 21:35:15 GMT
Content-Type: application/json
Transfer-Encoding: chunked
Connection: keep-alive
Set-Cookie: __cfduid=d79e39db48e65b5147d9255d42f7c141f1605648915; expires=Thu, 17-Dec-20 21:35:15 GMT; path=/; domain=.zippopotam.us; HttpOnly; SameSite=Lax
X-Cache: hit
Charset: UTF-8
Vary: Accept-Encoding
Access-Control-Allow-Origin: *
CF-Cache-Status: DYNAMIC
cf-request-id: 0679bb35320000f0118c207000000001
Report-To: {"endpoints":[{"url":"https:\/\/a.nel.cloudflare.com\/report?s=GQKUIgZq7F39hxW9EKJREek%2BWOAOSUJRdiRlIOVjlRURpONF7QAb17PZtspF%2FFcvP0M2x7%2FwyPNhbJi5IsL9jrmC%2F%2Fn7H1BqhuK3uQZzYlQk9g%3D%3D"}],"group":"cf-nel","max_age":604800}
NEL: {"report_to":"cf-nel","max_age":604800}
Server: cloudflare
CF-RAY: 5f3c949b897bf011-EWR
Content-Encoding: gzip

{
    "post code": "90210",
    "country": "United States",
    "country abbreviation": "US",
    "places": [
        {
            "place name": "Beverly Hills",
            "longitude": "-118.4065",
            "state": "California",
            "state abbreviation": "CA",
            "latitude": "34.0901"
        }
    ]
}
]]></system-out>
  </testcase>
  <testcase name="requestZipCode9010_checkPlaceNameInResponseBody_expectBeverlyHills2" classname="org.apiTest.ApiTest1" time="6.706">
    <system-out><![CDATA[HTTP/1.1 200 OK
Date: Tue, 17 Nov 2020 21:35:15 GMT
Content-Type: application/json
Transfer-Encoding: chunked
Connection: keep-alive
Set-Cookie: __cfduid=d28e7dcf8b9f78117481eb56b88f59fd41605648915; expires=Thu, 17-Dec-20 21:35:15 GMT; path=/; domain=.zippopotam.us; HttpOnly; SameSite=Lax
X-Cache: hit
Charset: UTF-8
Vary: Accept-Encoding
Access-Control-Allow-Origin: *
CF-Cache-Status: DYNAMIC
cf-request-id: 0679bb35280000923a94bf9000000001
Report-To: {"endpoints":[{"url":"https:\/\/a.nel.cloudflare.com\/report?s=uZ7lNg0czGnFddg0UgjQWjY3khuHpFPMt6HqMiIG5FpktgvvjNB42Cwfk0sUeQwm%2BNZ4hIaHl9jp6RYGLVC4q1hVe%2BL8bmP5MH1pOphGQlm9Vg%3D%3D"}],"group":"cf-nel","max_age":604800}
NEL: {"report_to":"cf-nel","max_age":604800}
Server: cloudflare
CF-RAY: 5f3c949b7c3d923a-EWR
Content-Encoding: gzip

{
    "post code": "90210",
    "country": "United States",
    "country abbreviation": "US",
    "places": [
        {
            "place name": "Beverly Hills",
            "longitude": "-118.4065",
            "state": "California",
            "state abbreviation": "CA",
            "latitude": "34.0901"
        }
    ]
}
]]></system-out>
  </testcase>
  <testcase name="requestZipCode9010_checkPlaceNameInResponseBody_expectBeverlyHills1" classname="org.apiTest.ApiTest1" time="6.706">
    <system-out><![CDATA[HTTP/1.1 200 OK
Date: Tue, 17 Nov 2020 21:35:15 GMT
Content-Type: application/json
Transfer-Encoding: chunked
Connection: keep-alive
Set-Cookie: __cfduid=deb86bca60f75670d5d88ad26d08337d81605648915; expires=Thu, 17-Dec-20 21:35:15 GMT; path=/; domain=.zippopotam.us; HttpOnly; SameSite=Lax
X-Cache: hit
Charset: UTF-8
Vary: Accept-Encoding
Access-Control-Allow-Origin: *
CF-Cache-Status: DYNAMIC
cf-request-id: 0679bb352a00000ca9cd8f5000000001
Report-To: {"endpoints":[{"url":"https:\/\/a.nel.cloudflare.com\/report?s=046BKc3HCGks1LFIisetRqvGIlchNURy2TxhTRzsHfvjJ8%2Bz4K6p%2BpS0fHupOoFVxisKrWtduU6blvQ9RTB23ZvMdw1uBArG44iYrmdAnXX1Sw%3D%3D"}],"group":"cf-nel","max_age":604800}
NEL: {"report_to":"cf-nel","max_age":604800}
Server: cloudflare
CF-RAY: 5f3c949b7a4b0ca9-EWR
Content-Encoding: gzip

{
    "post code": "90210",
    "country": "United States",
    "country abbreviation": "US",
    "places": [
        {
            "place name": "Beverly Hills",
            "longitude": "-118.4065",
            "state": "California",
            "state abbreviation": "CA",
            "latitude": "34.0901"
        }
    ]
}
]]></system-out>
  </testcase>
  <testcase name="requestZipCode9010_checkPlaceNameInResponseBody_expectBeverlyHills3" classname="org.apiTest.ApiTest1" time="6.706">
    <system-out><![CDATA[HTTP/1.1 200 OK
Date: Tue, 17 Nov 2020 21:35:15 GMT
Content-Type: application/json
Transfer-Encoding: chunked
Connection: keep-alive
Set-Cookie: __cfduid=d1f6aa114886aade073a5a11e32e722f81605648915; expires=Thu, 17-Dec-20 21:35:15 GMT; path=/; domain=.zippopotam.us; HttpOnly; SameSite=Lax
X-Cache: hit
Charset: UTF-8
Vary: Accept-Encoding
Access-Control-Allow-Origin: *
CF-Cache-Status: DYNAMIC
cf-request-id: 0679bb35270000e6f807113000000001
Report-To: {"endpoints":[{"url":"https:\/\/a.nel.cloudflare.com\/report?s=HLzqaCtAmHIHMQATpDr6SXY8T9UlkAVFnBESDKV2navXz%2FunycUucqM1sK2pQi%2Fwfqw5VhnMfphNxOgU%2FcHDPlrJq328P%2FgoAXEHZK6oT3yxWg%3D%3D"}],"group":"cf-nel","max_age":604800}
NEL: {"report_to":"cf-nel","max_age":604800}
Server: cloudflare
CF-RAY: 5f3c949b7e6de6f8-EWR
Content-Encoding: gzip

{
    "post code": "90210",
    "country": "United States",
    "country abbreviation": "US",
    "places": [
        {
            "place name": "Beverly Hills",
            "longitude": "-118.4065",
            "state": "California",
            "state abbreviation": "CA",
            "latitude": "34.0901"
        }
    ]
}
]]></system-out>
  </testcase>
  <testcase name="requestZipCode9010_checkPlaceNameInResponseBody_expectBeverlyHills8" classname="org.apiTest.ApiTest1" time="1.7">
    <system-out><![CDATA[HTTP/1.1 200 OK
Date: Tue, 17 Nov 2020 21:35:15 GMT
Content-Type: application/json
Transfer-Encoding: chunked
Connection: keep-alive
Set-Cookie: __cfduid=d4ff545aff7cda3c12518f41d815515211605648915; expires=Thu, 17-Dec-20 21:35:15 GMT; path=/; domain=.zippopotam.us; HttpOnly; SameSite=Lax
X-Cache: hit
Charset: UTF-8
Vary: Accept-Encoding
Access-Control-Allow-Origin: *
CF-Cache-Status: DYNAMIC
cf-request-id: 0679bb35280000e6bcd2292000000001
Report-To: {"endpoints":[{"url":"https:\/\/a.nel.cloudflare.com\/report?s=i8hxWU5%2F3ov7f2LwK76ntiKdZQ8hk63E1eTE64JsqTUuNbaN6pH2mGbMqEHiLdYkXdHrXDYGt3t4yulvcTodbzsJjYmEQCML%2FvmYHvIDKN7nLg%3D%3D"}],"group":"cf-nel","max_age":604800}
NEL: {"report_to":"cf-nel","max_age":604800}
Server: cloudflare
CF-RAY: 5f3c949b7b04e6bc-EWR
Content-Encoding: gzip

{
    "post code": "90210",
    "country": "United States",
    "country abbreviation": "US",
    "places": [
        {
            "place name": "Beverly Hills",
            "longitude": "-118.4065",
            "state": "California",
            "state abbreviation": "CA",
            "latitude": "34.0901"
        }
    ]
}
]]></system-out>
  </testcase>
</testsuite>